<?xml version="1.0" encoding="UTF-8"?>
<!-- Generated by org.testng.reporters.JUnitReportReporter -->
<testsuite hostname="Varadha-PC" name="testNgPractice.Annotations" tests="2" failures="0" timestamp="7 Aug 2017 14:23:26 GMT" time="0.015" errors="0">
  <testcase name="test1" time="0.015" classname="testNgPractice.Annotations"/>
  <testcase name="test" time="0.000" classname="testNgPractice.Annotations"/>
</testsuite> <!-- testNgPractice.Annotations -->
