<?xml version="1.0" encoding="UTF-8"?>
<!-- Generated by org.testng.reporters.JUnitReportReporter -->
<testsuite skipped="0" hostname="Varadha-PC" name="testNgPractice.Annotations" tests="3" failures="0" timestamp="19 Sep 2017 13:47:53 GMT" time="0.000" errors="0">
  <testcase name="test2" time="0.000" classname="testNgPractice.Annotations"/>
  <testcase name="test1" time="0.000" classname="testNgPractice.Annotations"/>
  <testcase name="test" time="0.000" classname="testNgPractice.Annotations"/>
</testsuite> <!-- testNgPractice.Annotations -->
